<?xml version="1.0" encoding="UTF-8"?>
<!-- Generated by org.testng.reporters.JUnitReportReporter -->
<testsuite hostname="LIN-5CG1156370" failures="0" tests="6" name="com.demo.runner.RunnerClass" time="224.486" errors="0" timestamp="2023-12-01T14:23:56 IST" skipped="0">
  <testcase classname="com.demo.runner.RunnerClass" name="runScenario" time="24.474"/>
  <testcase classname="com.demo.runner.RunnerClass" name="runScenario" time="43.259"/>
  <testcase classname="com.demo.runner.RunnerClass" name="runScenario" time="40.924"/>
  <testcase classname="com.demo.runner.RunnerClass" name="runScenario" time="24.919"/>
  <testcase classname="com.demo.runner.RunnerClass" name="runScenario" time="27.569"/>
  <testcase classname="com.demo.runner.RunnerClass" name="runScenario" time="63.341"/>
</testsuite> <!-- com.demo.runner.RunnerClass -->
